<?xml version="1.0" encoding="UTF-8" ?>
<testsuite tests="2" failures="0" name="com.sun.jersey.samples.contacts.models.UserTest" time="0.27" errors="2" skipped="0">
  <properties>
    <property name="java.runtime.name" value="Java(TM) SE Runtime Environment"/>
    <property name="sun.boot.library.path" value="D:\DevTools\Java8\jdk1.8.0_05\jre\bin"/>
    <property name="java.vm.version" value="25.5-b02"/>
    <property name="java.vm.vendor" value="Oracle Corporation"/>
    <property name="java.vendor.url" value="http://java.oracle.com/"/>
    <property name="path.separator" value=";"/>
    <property name="java.vm.name" value="Java HotSpot(TM) Client VM"/>
    <property name="file.encoding.pkg" value="sun.io"/>
    <property name="user.script" value=""/>
    <property name="user.country" value="US"/>
    <property name="sun.java.launcher" value="SUN_STANDARD"/>
    <property name="sun.os.patch.level" value="Service Pack 1"/>
    <property name="java.vm.specification.name" value="Java Virtual Machine Specification"/>
    <property name="user.dir" value="D:\JerseyLib\jersey-archive-1.19\jersey-1.x-master\samples\atompub-contacts\atompub-contacts-models"/>
    <property name="java.runtime.version" value="1.8.0_05-b13"/>
    <property name="java.awt.graphicsenv" value="sun.awt.Win32GraphicsEnvironment"/>
    <property name="basedir" value="D:\JerseyLib\jersey-archive-1.19\jersey-1.x-master\samples\atompub-contacts\atompub-contacts-models"/>
    <property name="java.endorsed.dirs" value="D:\DevTools\Java8\jdk1.8.0_05\jre\lib\endorsed"/>
    <property name="os.arch" value="x86"/>
    <property name="surefire.real.class.path" value="D:\JerseyLib\jersey-archive-1.19\jersey-1.x-master\samples\atompub-contacts\atompub-contacts-models\target\surefire\surefirebooter8328989052443874958.jar"/>
    <property name="java.io.tmpdir" value="C:\Users\SRINIV~1\AppData\Local\Temp\"/>
    <property name="line.separator" value="
"/>
    <property name="java.vm.specification.vendor" value="Oracle Corporation"/>
    <property name="user.variant" value=""/>
    <property name="os.name" value="Windows 7"/>
    <property name="sun.jnu.encoding" value="Cp1252"/>
    <property name="java.library.path" value="D:\DevTools\Java8\jdk1.8.0_05\jre\bin;C:\windows\Sun\Java\bin;C:\windows\system32;C:\windows;D:\app\sysfmg\product\11.2.0\client_1;D:\DevTools\SenchaCMDStart\Sencha\Cmd\5.0.0.160;D:\Installs\app\sysfmg\product\11.2.0\client_1;C:\windows\system32;C:\windows;C:\windows\System32\Wbem;C:\windows\System32\WindowsPowerShell\v1.0\;D:\Installs\TortoiseSVN\bin;D:\Installs\WinMerge;D:\DevTools\nodejs\;D:\InstallsEdu\scala\bin;D:\InstallsEdu\nodejs\;D:\app\sysfmg\product\11.2.0\client_1;D:\DevTools\SenchaCMDStart\Sencha\Cmd\5.0.0.160;D:\Installs\app\sysfmg\product\11.2.0\client_1;C:\windows\system32;C:\windows;C:\windows\System32\Wbem;C:\windows\System32\WindowsPowerShell\v1.0\;D:\Installs\TortoiseSVN\bin;D:\Installs\WinMerge;D:\DevTools\nodejs\;D:\InstallsEdu\scala\bin;D:\InstallsEdu\nodejs\;D:\DevTools\Git-1.9.4\bin;D:\DevTools\ruby-1.9.3-p545-i386-mingw32\bin;D:\Tools\nano-2.2.6;D:\DevTools\groovy-2.3.9\bin;D:\PATH;D:\DevTools\PortablePython2.7.6.1\App;D:\DevTools\apache-maven-3.2.5\bin;D:\installs\mosquitto;C:\MinGW\bin;C:\MinGW\msys\1.0\bin;D:\DevTools\cf-windows-amd64;D:\DevTools\gradle-2.4\bin;D:\DevTools\Sublime Text 2.0.2;D:\DevTools\jdk1.7.0_03\bin;D:\installs\Notepad++;D:\DevTools\mongodb-2.4.9\bin;D:\InstallsEdu\nodejs;C:\Users\SrinivasanRag\AppData\Roaming\npm;D:\DevTools\moonscript-0.3.0;C:\babun-1.1.0\.babun;D:\installs\Google\CloudSDK\google-cloud-sdk\bin;D:\DevTools\sbt\sbt-0.13.8\bin;D:\DevTools\activator\activator-dist-1.3.5;C:\Users\SrinivasanRag\AppData\Local\.meteor\;."/>
    <property name="surefire.test.class.path" value="D:\JerseyLib\jersey-archive-1.19\jersey-1.x-master\samples\atompub-contacts\atompub-contacts-models\target\test-classes;D:\JerseyLib\jersey-archive-1.19\jersey-1.x-master\samples\atompub-contacts\atompub-contacts-models\target\classes;C:\Users\SrinivasanRag\.m2\repository\org\apache\abdera\abdera-parser\1.0\abdera-parser-1.0.jar;C:\Users\SrinivasanRag\.m2\repository\org\apache\abdera\abdera-core\1.0\abdera-core-1.0.jar;C:\Users\SrinivasanRag\.m2\repository\org\apache\abdera\abdera-i18n\1.0\abdera-i18n-1.0.jar;C:\Users\SrinivasanRag\.m2\repository\org\apache\geronimo\specs\geronimo-activation_1.0.2_spec\1.1\geronimo-activation_1.0.2_spec-1.1.jar;C:\Users\SrinivasanRag\.m2\repository\commons-codec\commons-codec\1.3\commons-codec-1.3.jar;C:\Users\SrinivasanRag\.m2\repository\org\apache\ws\commons\axiom\axiom-impl\1.2.5\axiom-impl-1.2.5.jar;C:\Users\SrinivasanRag\.m2\repository\org\apache\ws\commons\axiom\axiom-api\1.2.5\axiom-api-1.2.5.jar;C:\Users\SrinivasanRag\.m2\repository\org\apache\geronimo\specs\geronimo-stax-api_1.0_spec\1.0.1\geronimo-stax-api_1.0_spec-1.0.1.jar;C:\Users\SrinivasanRag\.m2\repository\org\codehaus\woodstox\wstx-asl\3.2.6\wstx-asl-3.2.6.jar;C:\Users\SrinivasanRag\.m2\repository\jaxen\jaxen\1.1.1\jaxen-1.1.1.jar;C:\Users\SrinivasanRag\.m2\repository\xml-apis\xml-apis\1.3.02\xml-apis-1.3.02.jar;C:\Users\SrinivasanRag\.m2\repository\xerces\xercesImpl\2.6.2\xercesImpl-2.6.2.jar;C:\Users\SrinivasanRag\.m2\repository\commons-logging\commons-logging\1.0.4\commons-logging-1.0.4.jar;C:\Users\SrinivasanRag\.m2\repository\junit\junit\4.8.2\junit-4.8.2.jar;"/>
    <property name="java.specification.name" value="Java Platform API Specification"/>
    <property name="java.class.version" value="52.0"/>
    <property name="sun.management.compiler" value="HotSpot Client Compiler"/>
    <property name="os.version" value="6.1"/>
    <property name="user.home" value="C:\Users\SrinivasanRag"/>
    <property name="user.timezone" value="Asia/Calcutta"/>
    <property name="java.awt.printerjob" value="sun.awt.windows.WPrinterJob"/>
    <property name="java.specification.version" value="1.8"/>
    <property name="file.encoding" value="Cp1252"/>
    <property name="user.name" value="SrinivasanRag"/>
    <property name="java.class.path" value="D:\JerseyLib\jersey-archive-1.19\jersey-1.x-master\samples\atompub-contacts\atompub-contacts-models\target\test-classes;D:\JerseyLib\jersey-archive-1.19\jersey-1.x-master\samples\atompub-contacts\atompub-contacts-models\target\classes;C:\Users\SrinivasanRag\.m2\repository\org\apache\abdera\abdera-parser\1.0\abdera-parser-1.0.jar;C:\Users\SrinivasanRag\.m2\repository\org\apache\abdera\abdera-core\1.0\abdera-core-1.0.jar;C:\Users\SrinivasanRag\.m2\repository\org\apache\abdera\abdera-i18n\1.0\abdera-i18n-1.0.jar;C:\Users\SrinivasanRag\.m2\repository\org\apache\geronimo\specs\geronimo-activation_1.0.2_spec\1.1\geronimo-activation_1.0.2_spec-1.1.jar;C:\Users\SrinivasanRag\.m2\repository\commons-codec\commons-codec\1.3\commons-codec-1.3.jar;C:\Users\SrinivasanRag\.m2\repository\org\apache\ws\commons\axiom\axiom-impl\1.2.5\axiom-impl-1.2.5.jar;C:\Users\SrinivasanRag\.m2\repository\org\apache\ws\commons\axiom\axiom-api\1.2.5\axiom-api-1.2.5.jar;C:\Users\SrinivasanRag\.m2\repository\org\apache\geronimo\specs\geronimo-stax-api_1.0_spec\1.0.1\geronimo-stax-api_1.0_spec-1.0.1.jar;C:\Users\SrinivasanRag\.m2\repository\org\codehaus\woodstox\wstx-asl\3.2.6\wstx-asl-3.2.6.jar;C:\Users\SrinivasanRag\.m2\repository\jaxen\jaxen\1.1.1\jaxen-1.1.1.jar;C:\Users\SrinivasanRag\.m2\repository\xml-apis\xml-apis\1.3.02\xml-apis-1.3.02.jar;C:\Users\SrinivasanRag\.m2\repository\xerces\xercesImpl\2.6.2\xercesImpl-2.6.2.jar;C:\Users\SrinivasanRag\.m2\repository\commons-logging\commons-logging\1.0.4\commons-logging-1.0.4.jar;C:\Users\SrinivasanRag\.m2\repository\junit\junit\4.8.2\junit-4.8.2.jar;"/>
    <property name="java.vm.specification.version" value="1.8"/>
    <property name="sun.arch.data.model" value="32"/>
    <property name="java.home" value="D:\DevTools\Java8\jdk1.8.0_05\jre"/>
    <property name="sun.java.command" value="D:\JerseyLib\jersey-archive-1.19\jersey-1.x-master\samples\atompub-contacts\atompub-contacts-models\target\surefire\surefirebooter8328989052443874958.jar D:\JerseyLib\jersey-archive-1.19\jersey-1.x-master\samples\atompub-contacts\atompub-contacts-models\target\surefire\surefire6802532235956459510tmp D:\JerseyLib\jersey-archive-1.19\jersey-1.x-master\samples\atompub-contacts\atompub-contacts-models\target\surefire\surefire186669775814123878tmp"/>
    <property name="java.specification.vendor" value="Oracle Corporation"/>
    <property name="user.language" value="en"/>
    <property name="awt.toolkit" value="sun.awt.windows.WToolkit"/>
    <property name="java.vm.info" value="mixed mode"/>
    <property name="java.version" value="1.8.0_05"/>
    <property name="java.ext.dirs" value="D:\DevTools\Java8\jdk1.8.0_05\jre\lib\ext;C:\windows\Sun\Java\lib\ext"/>
    <property name="sun.boot.class.path" value="D:\DevTools\Java8\jdk1.8.0_05\jre\lib\resources.jar;D:\DevTools\Java8\jdk1.8.0_05\jre\lib\rt.jar;D:\DevTools\Java8\jdk1.8.0_05\jre\lib\sunrsasign.jar;D:\DevTools\Java8\jdk1.8.0_05\jre\lib\jsse.jar;D:\DevTools\Java8\jdk1.8.0_05\jre\lib\jce.jar;D:\DevTools\Java8\jdk1.8.0_05\jre\lib\charsets.jar;D:\DevTools\Java8\jdk1.8.0_05\jre\lib\jfr.jar;D:\DevTools\Java8\jdk1.8.0_05\jre\classes"/>
    <property name="java.vendor" value="Oracle Corporation"/>
    <property name="localRepository" value="C:\Users\SrinivasanRag\.m2\repository"/>
    <property name="file.separator" value="\"/>
    <property name="java.vendor.url.bug" value="http://bugreport.sun.com/bugreport/"/>
    <property name="sun.cpu.endian" value="little"/>
    <property name="sun.io.unicode.encoding" value="UnicodeLittle"/>
    <property name="sun.desktop" value="windows"/>
    <property name="sun.cpu.isalist" value="pentium_pro+mmx pentium_pro pentium+mmx pentium i486 i386 i86"/>
  </properties>
  <testcase classname="com.sun.jersey.samples.contacts.models.UserTest" name="testComplexSerialization" time="0.253">
    <error message="org.xml.sax.SAXNotRecognizedException: Feature &apos;http://javax.xml.XMLConstants/feature/secure-processing&apos; is not recognized." type="java.lang.IllegalStateException">java.lang.IllegalStateException: org.xml.sax.SAXNotRecognizedException: Feature &apos;http://javax.xml.XMLConstants/feature/secure-processing&apos; is not recognized.
	at com.sun.xml.internal.bind.v2.util.XmlFactory.createParserFactory(XmlFactory.java:121)
	at com.sun.xml.internal.bind.v2.runtime.unmarshaller.UnmarshallerImpl.getXMLReader(UnmarshallerImpl.java:139)
	at javax.xml.bind.helpers.AbstractUnmarshallerImpl.unmarshal(AbstractUnmarshallerImpl.java:157)
	at javax.xml.bind.helpers.AbstractUnmarshallerImpl.unmarshal(AbstractUnmarshallerImpl.java:214)
	at com.sun.jersey.samples.contacts.models.UserTest.check(UserTest.java:96)
	at com.sun.jersey.samples.contacts.models.UserTest.testComplexSerialization(UserTest.java:83)
	at sun.reflect.NativeMethodAccessorImpl.invoke0(Native Method)
	at sun.reflect.NativeMethodAccessorImpl.invoke(NativeMethodAccessorImpl.java:62)
	at sun.reflect.DelegatingMethodAccessorImpl.invoke(DelegatingMethodAccessorImpl.java:43)
	at java.lang.reflect.Method.invoke(Method.java:483)
	at org.junit.runners.model.FrameworkMethod$1.runReflectiveCall(FrameworkMethod.java:44)
	at org.junit.internal.runners.model.ReflectiveCallable.run(ReflectiveCallable.java:15)
	at org.junit.runners.model.FrameworkMethod.invokeExplosively(FrameworkMethod.java:41)
	at org.junit.internal.runners.statements.InvokeMethod.evaluate(InvokeMethod.java:20)
	at org.junit.internal.runners.statements.RunBefores.evaluate(RunBefores.java:28)
	at org.junit.internal.runners.statements.RunAfters.evaluate(RunAfters.java:31)
	at org.junit.runners.BlockJUnit4ClassRunner.runNotIgnored(BlockJUnit4ClassRunner.java:79)
	at org.junit.runners.BlockJUnit4ClassRunner.runChild(BlockJUnit4ClassRunner.java:71)
	at org.junit.runners.BlockJUnit4ClassRunner.runChild(BlockJUnit4ClassRunner.java:49)
	at org.junit.runners.ParentRunner$3.run(ParentRunner.java:193)
	at org.junit.runners.ParentRunner$1.schedule(ParentRunner.java:52)
	at org.junit.runners.ParentRunner.runChildren(ParentRunner.java:191)
	at org.junit.runners.ParentRunner.access$000(ParentRunner.java:42)
	at org.junit.runners.ParentRunner$2.evaluate(ParentRunner.java:184)
	at org.junit.runners.ParentRunner.run(ParentRunner.java:236)
	at org.apache.maven.surefire.junit4.JUnit4TestSet.execute(JUnit4TestSet.java:53)
	at org.apache.maven.surefire.junit4.JUnit4Provider.executeTestSet(JUnit4Provider.java:119)
	at org.apache.maven.surefire.junit4.JUnit4Provider.invoke(JUnit4Provider.java:101)
	at sun.reflect.NativeMethodAccessorImpl.invoke0(Native Method)
	at sun.reflect.NativeMethodAccessorImpl.invoke(NativeMethodAccessorImpl.java:62)
	at sun.reflect.DelegatingMethodAccessorImpl.invoke(DelegatingMethodAccessorImpl.java:43)
	at java.lang.reflect.Method.invoke(Method.java:483)
	at org.apache.maven.surefire.booter.ProviderFactory$ClassLoaderProxy.invoke(ProviderFactory.java:103)
	at com.sun.proxy.$Proxy0.invoke(Unknown Source)
	at org.apache.maven.surefire.booter.SurefireStarter.invokeProvider(SurefireStarter.java:150)
	at org.apache.maven.surefire.booter.SurefireStarter.runSuitesInProcess(SurefireStarter.java:91)
	at org.apache.maven.surefire.booter.ForkedBooter.main(ForkedBooter.java:69)
Caused by: org.xml.sax.SAXNotRecognizedException: Feature &apos;http://javax.xml.XMLConstants/feature/secure-processing&apos; is not recognized.
	at org.apache.xerces.parsers.AbstractSAXParser.setFeature(Unknown Source)
	at org.apache.xerces.jaxp.SAXParserImpl.setFeatures(Unknown Source)
	at org.apache.xerces.jaxp.SAXParserImpl.&lt;init&gt;(Unknown Source)
	at org.apache.xerces.jaxp.SAXParserFactoryImpl.newSAXParserImpl(Unknown Source)
	at org.apache.xerces.jaxp.SAXParserFactoryImpl.setFeature(Unknown Source)
	at com.sun.xml.internal.bind.v2.util.XmlFactory.createParserFactory(XmlFactory.java:114)
	... 36 more
</error>
    <system-out>@SLTests run: 2, Failures: 0, Errors: 0, Skipped: 0, Time elapsed: 0.262 sec
@SLRunning com.sun.jersey.samples.contacts.models.UserTest
DATA=&lt;user xmlns=&quot;http://example.com/contacts&quot;&gt;&lt;password&gt;newpass&lt;/password&gt;&lt;username&gt;newuser&lt;/username&gt;&lt;/user&gt;
</system-out>
    <system-err>Nov 26, 2015 1:44:44 PM com.sun.xml.internal.bind.v2.util.XmlFactory createParserFactory
SEVERE: null
org.xml.sax.SAXNotRecognizedException: Feature &apos;http://javax.xml.XMLConstants/feature/secure-processing&apos; is not recognized.
	at org.apache.xerces.parsers.AbstractSAXParser.setFeature(Unknown Source)
	at org.apache.xerces.jaxp.SAXParserImpl.setFeatures(Unknown Source)
	at org.apache.xerces.jaxp.SAXParserImpl.&lt;init&gt;(Unknown Source)
	at org.apache.xerces.jaxp.SAXParserFactoryImpl.newSAXParserImpl(Unknown Source)
	at org.apache.xerces.jaxp.SAXParserFactoryImpl.setFeature(Unknown Source)
	at com.sun.xml.internal.bind.v2.util.XmlFactory.createParserFactory(XmlFactory.java:114)
	at com.sun.xml.internal.bind.v2.runtime.unmarshaller.UnmarshallerImpl.getXMLReader(UnmarshallerImpl.java:139)
	at javax.xml.bind.helpers.AbstractUnmarshallerImpl.unmarshal(AbstractUnmarshallerImpl.java:157)
	at javax.xml.bind.helpers.AbstractUnmarshallerImpl.unmarshal(AbstractUnmarshallerImpl.java:214)
	at com.sun.jersey.samples.contacts.models.UserTest.check(UserTest.java:96)
	at com.sun.jersey.samples.contacts.models.UserTest.testComplexSerialization(UserTest.java:83)
	at sun.reflect.NativeMethodAccessorImpl.invoke0(Native Method)
	at sun.reflect.NativeMethodAccessorImpl.invoke(NativeMethodAccessorImpl.java:62)
	at sun.reflect.DelegatingMethodAccessorImpl.invoke(DelegatingMethodAccessorImpl.java:43)
	at java.lang.reflect.Method.invoke(Method.java:483)
	at org.junit.runners.model.FrameworkMethod$1.runReflectiveCall(FrameworkMethod.java:44)
	at org.junit.internal.runners.model.ReflectiveCallable.run(ReflectiveCallable.java:15)
	at org.junit.runners.model.FrameworkMethod.invokeExplosively(FrameworkMethod.java:41)
	at org.junit.internal.runners.statements.InvokeMethod.evaluate(InvokeMethod.java:20)
	at org.junit.internal.runners.statements.RunBefores.evaluate(RunBefores.java:28)
	at org.junit.internal.runners.statements.RunAfters.evaluate(RunAfters.java:31)
	at org.junit.runners.BlockJUnit4ClassRunner.runNotIgnored(BlockJUnit4ClassRunner.java:79)
	at org.junit.runners.BlockJUnit4ClassRunner.runChild(BlockJUnit4ClassRunner.java:71)
	at org.junit.runners.BlockJUnit4ClassRunner.runChild(BlockJUnit4ClassRunner.java:49)
	at org.junit.runners.ParentRunner$3.run(ParentRunner.java:193)
	at org.junit.runners.ParentRunner$1.schedule(ParentRunner.java:52)
	at org.junit.runners.ParentRunner.runChildren(ParentRunner.java:191)
	at org.junit.runners.ParentRunner.access$000(ParentRunner.java:42)
	at org.junit.runners.ParentRunner$2.evaluate(ParentRunner.java:184)
	at org.junit.runners.ParentRunner.run(ParentRunner.java:236)
	at org.apache.maven.surefire.junit4.JUnit4TestSet.execute(JUnit4TestSet.java:53)
	at org.apache.maven.surefire.junit4.JUnit4Provider.executeTestSet(JUnit4Provider.java:119)
	at org.apache.maven.surefire.junit4.JUnit4Provider.invoke(JUnit4Provider.java:101)
	at sun.reflect.NativeMethodAccessorImpl.invoke0(Native Method)
	at sun.reflect.NativeMethodAccessorImpl.invoke(NativeMethodAccessorImpl.java:62)
	at sun.reflect.DelegatingMethodAccessorImpl.invoke(DelegatingMethodAccessorImpl.java:43)
	at java.lang.reflect.Method.invoke(Method.java:483)
	at org.apache.maven.surefire.booter.ProviderFactory$ClassLoaderProxy.invoke(ProviderFactory.java:103)
	at com.sun.proxy.$Proxy0.invoke(Unknown Source)
	at org.apache.maven.surefire.booter.SurefireStarter.invokeProvider(SurefireStarter.java:150)
	at org.apache.maven.surefire.booter.SurefireStarter.runSuitesInProcess(SurefireStarter.java:91)
	at org.apache.maven.surefire.booter.ForkedBooter.main(ForkedBooter.java:69)

</system-err>
  </testcase>
  <testcase classname="com.sun.jersey.samples.contacts.models.UserTest" name="testSimpleSerialization" time="0.014">
    <error message="org.xml.sax.SAXNotRecognizedException: Feature &apos;http://javax.xml.XMLConstants/feature/secure-processing&apos; is not recognized." type="java.lang.IllegalStateException">java.lang.IllegalStateException: org.xml.sax.SAXNotRecognizedException: Feature &apos;http://javax.xml.XMLConstants/feature/secure-processing&apos; is not recognized.
	at com.sun.xml.internal.bind.v2.util.XmlFactory.createParserFactory(XmlFactory.java:121)
	at com.sun.xml.internal.bind.v2.runtime.unmarshaller.UnmarshallerImpl.getXMLReader(UnmarshallerImpl.java:139)
	at javax.xml.bind.helpers.AbstractUnmarshallerImpl.unmarshal(AbstractUnmarshallerImpl.java:157)
	at javax.xml.bind.helpers.AbstractUnmarshallerImpl.unmarshal(AbstractUnmarshallerImpl.java:214)
	at com.sun.jersey.samples.contacts.models.UserTest.check(UserTest.java:96)
	at com.sun.jersey.samples.contacts.models.UserTest.testSimpleSerialization(UserTest.java:89)
	at sun.reflect.NativeMethodAccessorImpl.invoke0(Native Method)
	at sun.reflect.NativeMethodAccessorImpl.invoke(NativeMethodAccessorImpl.java:62)
	at sun.reflect.DelegatingMethodAccessorImpl.invoke(DelegatingMethodAccessorImpl.java:43)
	at java.lang.reflect.Method.invoke(Method.java:483)
	at org.junit.runners.model.FrameworkMethod$1.runReflectiveCall(FrameworkMethod.java:44)
	at org.junit.internal.runners.model.ReflectiveCallable.run(ReflectiveCallable.java:15)
	at org.junit.runners.model.FrameworkMethod.invokeExplosively(FrameworkMethod.java:41)
	at org.junit.internal.runners.statements.InvokeMethod.evaluate(InvokeMethod.java:20)
	at org.junit.internal.runners.statements.RunBefores.evaluate(RunBefores.java:28)
	at org.junit.internal.runners.statements.RunAfters.evaluate(RunAfters.java:31)
	at org.junit.runners.BlockJUnit4ClassRunner.runNotIgnored(BlockJUnit4ClassRunner.java:79)
	at org.junit.runners.BlockJUnit4ClassRunner.runChild(BlockJUnit4ClassRunner.java:71)
	at org.junit.runners.BlockJUnit4ClassRunner.runChild(BlockJUnit4ClassRunner.java:49)
	at org.junit.runners.ParentRunner$3.run(ParentRunner.java:193)
	at org.junit.runners.ParentRunner$1.schedule(ParentRunner.java:52)
	at org.junit.runners.ParentRunner.runChildren(ParentRunner.java:191)
	at org.junit.runners.ParentRunner.access$000(ParentRunner.java:42)
	at org.junit.runners.ParentRunner$2.evaluate(ParentRunner.java:184)
	at org.junit.runners.ParentRunner.run(ParentRunner.java:236)
	at org.apache.maven.surefire.junit4.JUnit4TestSet.execute(JUnit4TestSet.java:53)
	at org.apache.maven.surefire.junit4.JUnit4Provider.executeTestSet(JUnit4Provider.java:119)
	at org.apache.maven.surefire.junit4.JUnit4Provider.invoke(JUnit4Provider.java:101)
	at sun.reflect.NativeMethodAccessorImpl.invoke0(Native Method)
	at sun.reflect.NativeMethodAccessorImpl.invoke(NativeMethodAccessorImpl.java:62)
	at sun.reflect.DelegatingMethodAccessorImpl.invoke(DelegatingMethodAccessorImpl.java:43)
	at java.lang.reflect.Method.invoke(Method.java:483)
	at org.apache.maven.surefire.booter.ProviderFactory$ClassLoaderProxy.invoke(ProviderFactory.java:103)
	at com.sun.proxy.$Proxy0.invoke(Unknown Source)
	at org.apache.maven.surefire.booter.SurefireStarter.invokeProvider(SurefireStarter.java:150)
	at org.apache.maven.surefire.booter.SurefireStarter.runSuitesInProcess(SurefireStarter.java:91)
	at org.apache.maven.surefire.booter.ForkedBooter.main(ForkedBooter.java:69)
Caused by: org.xml.sax.SAXNotRecognizedException: Feature &apos;http://javax.xml.XMLConstants/feature/secure-processing&apos; is not recognized.
	at org.apache.xerces.parsers.AbstractSAXParser.setFeature(Unknown Source)
	at org.apache.xerces.jaxp.SAXParserImpl.setFeatures(Unknown Source)
	at org.apache.xerces.jaxp.SAXParserImpl.&lt;init&gt;(Unknown Source)
	at org.apache.xerces.jaxp.SAXParserFactoryImpl.newSAXParserImpl(Unknown Source)
	at org.apache.xerces.jaxp.SAXParserFactoryImpl.setFeature(Unknown Source)
	at com.sun.xml.internal.bind.v2.util.XmlFactory.createParserFactory(XmlFactory.java:114)
	... 36 more
</error>
    <system-out>DATA=&lt;user xmlns=&quot;http://example.com/contacts&quot;/&gt;
</system-out>
    <system-err>Nov 26, 2015 1:44:44 PM com.sun.xml.internal.bind.v2.util.XmlFactory createParserFactory
SEVERE: null
org.xml.sax.SAXNotRecognizedException: Feature &apos;http://javax.xml.XMLConstants/feature/secure-processing&apos; is not recognized.
	at org.apache.xerces.parsers.AbstractSAXParser.setFeature(Unknown Source)
	at org.apache.xerces.jaxp.SAXParserImpl.setFeatures(Unknown Source)
	at org.apache.xerces.jaxp.SAXParserImpl.&lt;init&gt;(Unknown Source)
	at org.apache.xerces.jaxp.SAXParserFactoryImpl.newSAXParserImpl(Unknown Source)
	at org.apache.xerces.jaxp.SAXParserFactoryImpl.setFeature(Unknown Source)
	at com.sun.xml.internal.bind.v2.util.XmlFactory.createParserFactory(XmlFactory.java:114)
	at com.sun.xml.internal.bind.v2.runtime.unmarshaller.UnmarshallerImpl.getXMLReader(UnmarshallerImpl.java:139)
	at javax.xml.bind.helpers.AbstractUnmarshallerImpl.unmarshal(AbstractUnmarshallerImpl.java:157)
	at javax.xml.bind.helpers.AbstractUnmarshallerImpl.unmarshal(AbstractUnmarshallerImpl.java:214)
	at com.sun.jersey.samples.contacts.models.UserTest.check(UserTest.java:96)
	at com.sun.jersey.samples.contacts.models.UserTest.testSimpleSerialization(UserTest.java:89)
	at sun.reflect.NativeMethodAccessorImpl.invoke0(Native Method)
	at sun.reflect.NativeMethodAccessorImpl.invoke(NativeMethodAccessorImpl.java:62)
	at sun.reflect.DelegatingMethodAccessorImpl.invoke(DelegatingMethodAccessorImpl.java:43)
	at java.lang.reflect.Method.invoke(Method.java:483)
	at org.junit.runners.model.FrameworkMethod$1.runReflectiveCall(FrameworkMethod.java:44)
	at org.junit.internal.runners.model.ReflectiveCallable.run(ReflectiveCallable.java:15)
	at org.junit.runners.model.FrameworkMethod.invokeExplosively(FrameworkMethod.java:41)
	at org.junit.internal.runners.statements.InvokeMethod.evaluate(InvokeMethod.java:20)
	at org.junit.internal.runners.statements.RunBefores.evaluate(RunBefores.java:28)
	at org.junit.internal.runners.statements.RunAfters.evaluate(RunAfters.java:31)
	at org.junit.runners.BlockJUnit4ClassRunner.runNotIgnored(BlockJUnit4ClassRunner.java:79)
	at org.junit.runners.BlockJUnit4ClassRunner.runChild(BlockJUnit4ClassRunner.java:71)
	at org.junit.runners.BlockJUnit4ClassRunner.runChild(BlockJUnit4ClassRunner.java:49)
	at org.junit.runners.ParentRunner$3.run(ParentRunner.java:193)
	at org.junit.runners.ParentRunner$1.schedule(ParentRunner.java:52)
	at org.junit.runners.ParentRunner.runChildren(ParentRunner.java:191)
	at org.junit.runners.ParentRunner.access$000(ParentRunner.java:42)
	at org.junit.runners.ParentRunner$2.evaluate(ParentRunner.java:184)
	at org.junit.runners.ParentRunner.run(ParentRunner.java:236)
	at org.apache.maven.surefire.junit4.JUnit4TestSet.execute(JUnit4TestSet.java:53)
	at org.apache.maven.surefire.junit4.JUnit4Provider.executeTestSet(JUnit4Provider.java:119)
	at org.apache.maven.surefire.junit4.JUnit4Provider.invoke(JUnit4Provider.java:101)
	at sun.reflect.NativeMethodAccessorImpl.invoke0(Native Method)
	at sun.reflect.NativeMethodAccessorImpl.invoke(NativeMethodAccessorImpl.java:62)
	at sun.reflect.DelegatingMethodAccessorImpl.invoke(DelegatingMethodAccessorImpl.java:43)
	at java.lang.reflect.Method.invoke(Method.java:483)
	at org.apache.maven.surefire.booter.ProviderFactory$ClassLoaderProxy.invoke(ProviderFactory.java:103)
	at com.sun.proxy.$Proxy0.invoke(Unknown Source)
	at org.apache.maven.surefire.booter.SurefireStarter.invokeProvider(SurefireStarter.java:150)
	at org.apache.maven.surefire.booter.SurefireStarter.runSuitesInProcess(SurefireStarter.java:91)
	at org.apache.maven.surefire.booter.ForkedBooter.main(ForkedBooter.java:69)

</system-err>
  </testcase>
</testsuite>