<?xml version="1.0" encoding="UTF-8" ?>
<testsuite tests="2" failures="0" name="com.sun.jersey.samples.helloworld.MainTest" time="8.262" errors="0" skipped="0">
  <properties>
    <property name="java.runtime.name" value="Java(TM) SE Runtime Environment"/>
    <property name="sun.boot.library.path" value="D:\DevTools\Java8\jdk1.8.0_05\jre\bin"/>
    <property name="java.vm.version" value="25.5-b02"/>
    <property name="java.vm.vendor" value="Oracle Corporation"/>
    <property name="java.vendor.url" value="http://java.oracle.com/"/>
    <property name="path.separator" value=";"/>
    <property name="java.vm.name" value="Java HotSpot(TM) Client VM"/>
    <property name="file.encoding.pkg" value="sun.io"/>
    <property name="user.script" value=""/>
    <property name="user.country" value="US"/>
    <property name="sun.java.launcher" value="SUN_STANDARD"/>
    <property name="sun.os.patch.level" value="Service Pack 1"/>
    <property name="java.vm.specification.name" value="Java Virtual Machine Specification"/>
    <property name="user.dir" value="D:\JerseyLib\jersey-archive-1.19\jersey-1.x-master\samples\helloworld"/>
    <property name="java.runtime.version" value="1.8.0_05-b13"/>
    <property name="java.awt.graphicsenv" value="sun.awt.Win32GraphicsEnvironment"/>
    <property name="basedir" value="D:\JerseyLib\jersey-archive-1.19\jersey-1.x-master\samples\helloworld"/>
    <property name="java.endorsed.dirs" value="D:\DevTools\Java8\jdk1.8.0_05\jre\lib\endorsed"/>
    <property name="os.arch" value="x86"/>
    <property name="surefire.real.class.path" value="D:\JerseyLib\jersey-archive-1.19\jersey-1.x-master\samples\helloworld\target\surefire\surefirebooter7958245092614824667.jar"/>
    <property name="java.io.tmpdir" value="C:\Users\SRINIV~1\AppData\Local\Temp\"/>
    <property name="line.separator" value="
"/>
    <property name="java.vm.specification.vendor" value="Oracle Corporation"/>
    <property name="user.variant" value=""/>
    <property name="os.name" value="Windows 7"/>
    <property name="java.security.manager" value=""/>
    <property name="sun.jnu.encoding" value="Cp1252"/>
    <property name="java.library.path" value="D:\DevTools\Java8\jdk1.8.0_05\jre\bin;C:\windows\Sun\Java\bin;C:\windows\system32;C:\windows;D:\app\sysfmg\product\11.2.0\client_1;D:\DevTools\SenchaCMDStart\Sencha\Cmd\5.0.0.160;D:\Installs\app\sysfmg\product\11.2.0\client_1;C:\windows\system32;C:\windows;C:\windows\System32\Wbem;C:\windows\System32\WindowsPowerShell\v1.0\;D:\Installs\TortoiseSVN\bin;D:\Installs\WinMerge;D:\DevTools\nodejs\;D:\InstallsEdu\scala\bin;D:\InstallsEdu\nodejs\;D:\app\sysfmg\product\11.2.0\client_1;D:\DevTools\SenchaCMDStart\Sencha\Cmd\5.0.0.160;D:\Installs\app\sysfmg\product\11.2.0\client_1;C:\windows\system32;C:\windows;C:\windows\System32\Wbem;C:\windows\System32\WindowsPowerShell\v1.0\;D:\Installs\TortoiseSVN\bin;D:\Installs\WinMerge;D:\DevTools\nodejs\;D:\InstallsEdu\scala\bin;D:\InstallsEdu\nodejs\;D:\DevTools\Git-1.9.4\bin;D:\DevTools\ruby-1.9.3-p545-i386-mingw32\bin;D:\Tools\nano-2.2.6;D:\DevTools\groovy-2.3.9\bin;D:\PATH;D:\DevTools\PortablePython2.7.6.1\App;D:\DevTools\apache-maven-3.2.5\bin;D:\installs\mosquitto;C:\MinGW\bin;C:\MinGW\msys\1.0\bin;D:\DevTools\cf-windows-amd64;D:\DevTools\gradle-2.4\bin;D:\DevTools\Sublime Text 2.0.2;D:\DevTools\jdk1.7.0_03\bin;D:\installs\Notepad++;D:\DevTools\mongodb-2.4.9\bin;D:\InstallsEdu\nodejs;C:\Users\SrinivasanRag\AppData\Roaming\npm;D:\DevTools\moonscript-0.3.0;C:\babun-1.1.0\.babun;D:\installs\Google\CloudSDK\google-cloud-sdk\bin;D:\DevTools\sbt\sbt-0.13.8\bin;D:\DevTools\activator\activator-dist-1.3.5;C:\Users\SrinivasanRag\AppData\Local\.meteor\;."/>
    <property name="surefire.test.class.path" value="D:\JerseyLib\jersey-archive-1.19\jersey-1.x-master\samples\helloworld\target\test-classes;D:\JerseyLib\jersey-archive-1.19\jersey-1.x-master\samples\helloworld\target\classes;C:\Users\SrinivasanRag\.m2\repository\com\sun\jersey\jersey-grizzly2\1.20-SNAPSHOT\jersey-grizzly2-1.20-SNAPSHOT.jar;C:\Users\SrinivasanRag\.m2\repository\org\glassfish\grizzly\grizzly-http\2.2.16\grizzly-http-2.2.16.jar;C:\Users\SrinivasanRag\.m2\repository\org\glassfish\grizzly\grizzly-framework\2.2.16\grizzly-framework-2.2.16.jar;C:\Users\SrinivasanRag\.m2\repository\org\glassfish\grizzly\grizzly-http-server\2.2.16\grizzly-http-server-2.2.16.jar;C:\Users\SrinivasanRag\.m2\repository\org\glassfish\grizzly\grizzly-rcm\2.2.16\grizzly-rcm-2.2.16.jar;C:\Users\SrinivasanRag\.m2\repository\com\sun\jersey\jersey-server\1.20-SNAPSHOT\jersey-server-1.20-SNAPSHOT.jar;C:\Users\SrinivasanRag\.m2\repository\com\sun\jersey\jersey-core\1.20-SNAPSHOT\jersey-core-1.20-SNAPSHOT.jar;C:\Users\SrinivasanRag\.m2\repository\javax\ws\rs\jsr311-api\1.1.1\jsr311-api-1.1.1.jar;C:\Users\SrinivasanRag\.m2\repository\com\sun\jersey\jersey-test-framework\jersey-test-framework-grizzly2\1.20-SNAPSHOT\jersey-test-framework-grizzly2-1.20-SNAPSHOT.jar;C:\Users\SrinivasanRag\.m2\repository\com\sun\jersey\jersey-test-framework\jersey-test-framework-core\1.20-SNAPSHOT\jersey-test-framework-core-1.20-SNAPSHOT.jar;C:\Users\SrinivasanRag\.m2\repository\javax\servlet\javax.servlet-api\3.0.1\javax.servlet-api-3.0.1.jar;C:\Users\SrinivasanRag\.m2\repository\junit\junit\4.8.2\junit-4.8.2.jar;C:\Users\SrinivasanRag\.m2\repository\com\sun\jersey\jersey-servlet\1.20-SNAPSHOT\jersey-servlet-1.20-SNAPSHOT.jar;C:\Users\SrinivasanRag\.m2\repository\com\sun\jersey\jersey-client\1.20-SNAPSHOT\jersey-client-1.20-SNAPSHOT.jar;C:\Users\SrinivasanRag\.m2\repository\com\sun\jersey\jersey-grizzly2-servlet\1.20-SNAPSHOT\jersey-grizzly2-servlet-1.20-SNAPSHOT.jar;C:\Users\SrinivasanRag\.m2\repository\org\glassfish\grizzly\grizzly-http-servlet\2.2.16\grizzly-http-servlet-2.2.16.jar;"/>
    <property name="java.specification.name" value="Java Platform API Specification"/>
    <property name="java.class.version" value="52.0"/>
    <property name="sun.management.compiler" value="HotSpot Client Compiler"/>
    <property name="os.version" value="6.1"/>
    <property name="user.home" value="C:\Users\SrinivasanRag"/>
    <property name="user.timezone" value="Asia/Calcutta"/>
    <property name="java.security.policy" value="D:\JerseyLib\jersey-archive-1.19\jersey-1.x-master\samples\helloworld\target/test-classes/surefire.policy"/>
    <property name="java.awt.printerjob" value="sun.awt.windows.WPrinterJob"/>
    <property name="java.specification.version" value="1.8"/>
    <property name="file.encoding" value="Cp1252"/>
    <property name="user.name" value="SrinivasanRag"/>
    <property name="java.class.path" value="D:\JerseyLib\jersey-archive-1.19\jersey-1.x-master\samples\helloworld\target\test-classes;D:\JerseyLib\jersey-archive-1.19\jersey-1.x-master\samples\helloworld\target\classes;C:\Users\SrinivasanRag\.m2\repository\com\sun\jersey\jersey-grizzly2\1.20-SNAPSHOT\jersey-grizzly2-1.20-SNAPSHOT.jar;C:\Users\SrinivasanRag\.m2\repository\org\glassfish\grizzly\grizzly-http\2.2.16\grizzly-http-2.2.16.jar;C:\Users\SrinivasanRag\.m2\repository\org\glassfish\grizzly\grizzly-framework\2.2.16\grizzly-framework-2.2.16.jar;C:\Users\SrinivasanRag\.m2\repository\org\glassfish\grizzly\grizzly-http-server\2.2.16\grizzly-http-server-2.2.16.jar;C:\Users\SrinivasanRag\.m2\repository\org\glassfish\grizzly\grizzly-rcm\2.2.16\grizzly-rcm-2.2.16.jar;C:\Users\SrinivasanRag\.m2\repository\com\sun\jersey\jersey-server\1.20-SNAPSHOT\jersey-server-1.20-SNAPSHOT.jar;C:\Users\SrinivasanRag\.m2\repository\com\sun\jersey\jersey-core\1.20-SNAPSHOT\jersey-core-1.20-SNAPSHOT.jar;C:\Users\SrinivasanRag\.m2\repository\javax\ws\rs\jsr311-api\1.1.1\jsr311-api-1.1.1.jar;C:\Users\SrinivasanRag\.m2\repository\com\sun\jersey\jersey-test-framework\jersey-test-framework-grizzly2\1.20-SNAPSHOT\jersey-test-framework-grizzly2-1.20-SNAPSHOT.jar;C:\Users\SrinivasanRag\.m2\repository\com\sun\jersey\jersey-test-framework\jersey-test-framework-core\1.20-SNAPSHOT\jersey-test-framework-core-1.20-SNAPSHOT.jar;C:\Users\SrinivasanRag\.m2\repository\javax\servlet\javax.servlet-api\3.0.1\javax.servlet-api-3.0.1.jar;C:\Users\SrinivasanRag\.m2\repository\junit\junit\4.8.2\junit-4.8.2.jar;C:\Users\SrinivasanRag\.m2\repository\com\sun\jersey\jersey-servlet\1.20-SNAPSHOT\jersey-servlet-1.20-SNAPSHOT.jar;C:\Users\SrinivasanRag\.m2\repository\com\sun\jersey\jersey-client\1.20-SNAPSHOT\jersey-client-1.20-SNAPSHOT.jar;C:\Users\SrinivasanRag\.m2\repository\com\sun\jersey\jersey-grizzly2-servlet\1.20-SNAPSHOT\jersey-grizzly2-servlet-1.20-SNAPSHOT.jar;C:\Users\SrinivasanRag\.m2\repository\org\glassfish\grizzly\grizzly-http-servlet\2.2.16\grizzly-http-servlet-2.2.16.jar;"/>
    <property name="java.vm.specification.version" value="1.8"/>
    <property name="sun.arch.data.model" value="32"/>
    <property name="java.home" value="D:\DevTools\Java8\jdk1.8.0_05\jre"/>
    <property name="sun.java.command" value="D:\JerseyLib\jersey-archive-1.19\jersey-1.x-master\samples\helloworld\target\surefire\surefirebooter7958245092614824667.jar D:\JerseyLib\jersey-archive-1.19\jersey-1.x-master\samples\helloworld\target\surefire\surefire5550724177753629097tmp D:\JerseyLib\jersey-archive-1.19\jersey-1.x-master\samples\helloworld\target\surefire\surefire4467946220310598316tmp"/>
    <property name="java.specification.vendor" value="Oracle Corporation"/>
    <property name="user.language" value="en"/>
    <property name="awt.toolkit" value="sun.awt.windows.WToolkit"/>
    <property name="java.vm.info" value="mixed mode"/>
    <property name="java.version" value="1.8.0_05"/>
    <property name="java.ext.dirs" value="D:\DevTools\Java8\jdk1.8.0_05\jre\lib\ext;C:\windows\Sun\Java\lib\ext"/>
    <property name="sun.boot.class.path" value="D:\DevTools\Java8\jdk1.8.0_05\jre\lib\resources.jar;D:\DevTools\Java8\jdk1.8.0_05\jre\lib\rt.jar;D:\DevTools\Java8\jdk1.8.0_05\jre\lib\sunrsasign.jar;D:\DevTools\Java8\jdk1.8.0_05\jre\lib\jsse.jar;D:\DevTools\Java8\jdk1.8.0_05\jre\lib\jce.jar;D:\DevTools\Java8\jdk1.8.0_05\jre\lib\charsets.jar;D:\DevTools\Java8\jdk1.8.0_05\jre\lib\jfr.jar;D:\DevTools\Java8\jdk1.8.0_05\jre\classes"/>
    <property name="java.vendor" value="Oracle Corporation"/>
    <property name="localRepository" value="C:\Users\SrinivasanRag\.m2\repository"/>
    <property name="file.separator" value="\"/>
    <property name="java.vendor.url.bug" value="http://bugreport.sun.com/bugreport/"/>
    <property name="sun.cpu.endian" value="little"/>
    <property name="sun.io.unicode.encoding" value="UnicodeLittle"/>
    <property name="sun.desktop" value="windows"/>
    <property name="sun.cpu.isalist" value="pentium_pro+mmx pentium_pro pentium+mmx pentium i486 i386 i86"/>
  </properties>
  <testcase classname="com.sun.jersey.samples.helloworld.MainTest" name="testApplicationWadl" time="7.631"/>
  <testcase classname="com.sun.jersey.samples.helloworld.MainTest" name="testHelloWorld" time="0.441"/>
</testsuite>